<?xml version="1.0" encoding="UTF-8"?>
<!-- Generated by org.testng.reporters.JUnitReportReporter -->
<testsuite hostname="EG-5CD1295SWY" failures="0" tests="4" name="tests.GETBooksendpointTest" time="3.931" errors="0" timestamp="2025-07-13T16:58:26 EET" skipped="0">
  <testcase classname="tests.GETBooksendpointTest" name="createNewBookTest" time="0.933"/>
  <system-out/>
  <testcase classname="tests.GETBooksendpointTest" name="createNewBookTestWithoutIdOrTitle" time="0.795"/>
  <system-out/>
  <testcase classname="tests.GETBooksendpointTest" name="getBookById" time="0.546"/>
  <system-out/>
  <testcase classname="tests.GETBooksendpointTest" name="retrieveAllBooks" time="1.657"/>
  <system-out/>
</testsuite> <!-- tests.GETBooksendpointTest -->
