<?xml version="1.0" encoding="UTF-8"?>
<!-- Generated by org.testng.reporters.JUnitReportReporter -->
<testsuite hostname="EG-5CD1295SWY" failures="0" tests="1" name="tests.NegativeScenariosTest" time="3.645" errors="0" timestamp="2025-07-13T16:58:26 EET" skipped="0">
  <testcase classname="tests.NegativeScenariosTest" name="negativeScenarios" time="3.645"/>
  <system-out/>
</testsuite> <!-- tests.NegativeScenariosTest -->
