<?xml version="1.0" encoding="UTF-8"?>
<!-- Generated by org.testng.reporters.JUnitReportReporter -->
<testsuite hostname="EG-5CD1295SWY" failures="0" tests="4" name="tests.GETBooksendpointTest" time="5.020" errors="0" timestamp="2025-07-13T16:23:37 EET" skipped="0">
  <testcase classname="tests.GETBooksendpointTest" name="createNewBookTest" time="1.439"/>
  <system-out/>
  <testcase classname="tests.GETBooksendpointTest" name="createNewBookTestWithoutIdOrTitle" time="0.580"/>
  <system-out/>
  <testcase classname="tests.GETBooksendpointTest" name="getBookById" time="0.681"/>
  <system-out/>
  <testcase classname="tests.GETBooksendpointTest" name="retrieveAllBooks" time="2.320"/>
  <system-out/>
</testsuite> <!-- tests.GETBooksendpointTest -->
