<?xml version="1.0" encoding="UTF-8"?>
<!-- Generated by org.testng.reporters.JUnitReportReporter -->
<testsuite hostname="EG-5CD1295SWY" failures="0" tests="3" name="tests.PUTBooksEndpointTest" time="2.144" errors="0" timestamp="2025-07-13T16:23:37 EET" skipped="0">
  <testcase classname="tests.PUTBooksEndpointTest" name="createNewBookTest" time="1.110"/>
  <system-out/>
  <testcase classname="tests.PUTBooksEndpointTest" name="createNewBookTestWithoutIdOrTitle" time="0.484"/>
  <system-out/>
  <testcase classname="tests.PUTBooksEndpointTest" name="updateBookById" time="0.550"/>
  <system-out/>
</testsuite> <!-- tests.PUTBooksEndpointTest -->
