<?xml version="1.0" encoding="UTF-8"?>
<!-- Generated by org.testng.reporters.JUnitReportReporter -->
<testsuite hostname="EG-5CD1295SWY" failures="0" tests="1" name="main.configurationsClass" time="2.736" errors="0" timestamp="2025-07-11T14:42:38 EET" skipped="0">
  <testcase classname="main.configurationsClass" name="requestUsZipCode90210_checkPlaceNameInResponseBody_expectBeverlyHills" time="2.736"/>
  <system-out/>
</testsuite> <!-- main.configurationsClass -->
