<?xml version="1.0" encoding="UTF-8"?>
<!-- Generated by org.testng.reporters.JUnitReportReporter -->
<testsuite hostname="EG-5CD1295SWY" failures="0" tests="3" name="tests.PUTBooksEndpointTest" time="1.444" errors="0" timestamp="2025-07-13T16:58:26 EET" skipped="0">
  <testcase classname="tests.PUTBooksEndpointTest" name="createNewBookTest" time="0.529"/>
  <system-out/>
  <testcase classname="tests.PUTBooksEndpointTest" name="createNewBookTestWithoutIdOrTitle" time="0.447"/>
  <system-out/>
  <testcase classname="tests.PUTBooksEndpointTest" name="updateBookById" time="0.468"/>
  <system-out/>
</testsuite> <!-- tests.PUTBooksEndpointTest -->
