<?xml version="1.0" encoding="UTF-8"?>
<!-- Generated by org.testng.reporters.JUnitReportReporter -->
<testsuite hostname="EG-5CD1295SWY" failures="0" tests="6" name="tests.BooksTest" time="8.270" errors="0" timestamp="2025-07-12T01:06:41 EET" skipped="0">
  <testcase classname="tests.BooksTest" name="createNewBookTest" time="2.623"/>
  <system-out/>
  <testcase classname="tests.BooksTest" name="getBookById" time="0.420"/>
  <system-out/>
  <testcase classname="tests.BooksTest" name="retrieveAllBooks" time="0.659"/>
  <system-out/>
  <testcase classname="tests.BooksTest" name="updateBookById" time="0.578"/>
  <system-out/>
  <testcase classname="tests.BooksTest" name="deleteBookById" time="0.366"/>
  <system-out/>
  <testcase classname="tests.BooksTest" name="negativeScenarios" time="3.624"/>
  <system-out/>
</testsuite> <!-- tests.BooksTest -->
