<?xml version="1.0" encoding="UTF-8"?>
<!-- Generated by org.testng.reporters.JUnitReportReporter -->
<testsuite hostname="EG-5CD1295SWY" failures="0" tests="3" name="tests.DeleteBooksEndpointTest" time="5.252" errors="0" timestamp="2025-07-13T16:25:19 EET" skipped="0">
  <testcase classname="tests.DeleteBooksEndpointTest" name="createNewBookTest" time="4.125"/>
  <system-out/>
  <testcase classname="tests.DeleteBooksEndpointTest" name="createNewBookTestWithoutIdOrTitle" time="0.631"/>
  <system-out/>
  <testcase classname="tests.DeleteBooksEndpointTest" name="deleteBookById" time="0.496"/>
  <system-out/>
</testsuite> <!-- tests.DeleteBooksEndpointTest -->
