<?xml version="1.0" encoding="UTF-8"?>
<!-- Generated by org.testng.reporters.JUnitReportReporter -->
<testsuite hostname="EG-5CD1295SWY" failures="0" tests="2" name="tests.POSTBooksEndpointTest" time="6.033" errors="0" timestamp="2025-07-13T16:58:26 EET" skipped="0">
  <testcase classname="tests.POSTBooksEndpointTest" name="createNewBookTest" time="4.865"/>
  <system-out/>
  <testcase classname="tests.POSTBooksEndpointTest" name="createNewBookTestWithoutIdOrTitle" time="1.168"/>
  <system-out/>
</testsuite> <!-- tests.POSTBooksEndpointTest -->
